  [1m[35m (527.3ms)[0m  [1m[35mCREATE DATABASE "zen_backend_development" ENCODING = 'unicode'[0m
  [1m[35m (367.4ms)[0m  [1m[35mCREATE DATABASE "zen_backend_test" ENCODING = 'unicode'[0m
  [1m[35m (4.3ms)[0m  [1m[35mCREATE DATABASE "zen_backend_development" ENCODING = 'unicode'[0m
  [1m[35m (1.3ms)[0m  [1m[35mCREATE DATABASE "zen_backend_test" ENCODING = 'unicode'[0m
  [1m[35m (52.1ms)[0m  [1m[35mCREATE TABLE "schema_migrations" ("version" character varying NOT NULL PRIMARY KEY)[0m
  [1m[35m (8.9ms)[0m  [1m[35mCREATE TABLE "ar_internal_metadata" ("key" character varying NOT NULL PRIMARY KEY, "value" character varying, "created_at" timestamp(6) NOT NULL, "updated_at" timestamp(6) NOT NULL)[0m
  [1m[35m (10.0ms)[0m  [1m[34mSELECT pg_try_advisory_lock(6632289077606558310)[0m
  [1m[35m (1.9ms)[0m  [1m[34mSELECT "schema_migrations"."version" FROM "schema_migrations" ORDER BY "schema_migrations"."version" ASC[0m
Migrating to CreateStaffs (20191007161201)
  [1m[35m (9.2ms)[0m  [1m[35mBEGIN[0m
  [1m[35m (13.6ms)[0m  [1m[35mCREATE TABLE "staffs" ("id" bigserial primary key, "name" character varying, "created_at" timestamp(6) NOT NULL, "updated_at" timestamp(6) NOT NULL)[0m
  [1m[36mprimary::SchemaMigration Create (18.0ms)[0m  [1m[32mINSERT INTO "schema_migrations" ("version") VALUES ($1) RETURNING "version"[0m  [["version", "20191007161201"]]
  [1m[35m (0.4ms)[0m  [1m[35mCOMMIT[0m
  [1m[36mActiveRecord::InternalMetadata Load (0.4ms)[0m  [1m[34mSELECT "ar_internal_metadata".* FROM "ar_internal_metadata" WHERE "ar_internal_metadata"."key" = $1 LIMIT $2[0m  [["key", "environment"], ["LIMIT", 1]]
  [1m[35m (0.2ms)[0m  [1m[35mBEGIN[0m
  [1m[36mActiveRecord::InternalMetadata Create (12.8ms)[0m  [1m[32mINSERT INTO "ar_internal_metadata" ("key", "value", "created_at", "updated_at") VALUES ($1, $2, $3, $4) RETURNING "key"[0m  [["key", "environment"], ["value", "development"], ["created_at", "2019-10-07 16:12:11.473358"], ["updated_at", "2019-10-07 16:12:11.473358"]]
  [1m[35m (0.4ms)[0m  [1m[35mCOMMIT[0m
  [1m[35m (0.3ms)[0m  [1m[34mSELECT pg_advisory_unlock(6632289077606558310)[0m
  [1m[35m (9.1ms)[0m  [1m[34mSELECT "schema_migrations"."version" FROM "schema_migrations" ORDER BY "schema_migrations"."version" ASC[0m
  [1m[35m (0.9ms)[0m  [1m[34mSELECT "schema_migrations"."version" FROM "schema_migrations" ORDER BY "schema_migrations"."version" ASC[0m
  [1m[35m (0.9ms)[0m  [1m[34mSELECT "schema_migrations"."version" FROM "schema_migrations" ORDER BY "schema_migrations"."version" ASC[0m
  [1m[36mStaff Load (1.1ms)[0m  [1m[34mSELECT "staffs".* FROM "staffs" LIMIT $1[0m  [["LIMIT", 11]]
  [1m[35m (0.2ms)[0m  [1m[35mBEGIN[0m
  [1m[36mStaff Create (1.6ms)[0m  [1m[32mINSERT INTO "staffs" ("name", "created_at", "updated_at") VALUES ($1, $2, $3) RETURNING "id"[0m  [["name", "rudie"], ["created_at", "2019-10-07 16:29:54.028933"], ["updated_at", "2019-10-07 16:29:54.028933"]]
  [1m[35m (0.4ms)[0m  [1m[35mCOMMIT[0m
  [1m[35m (1.0ms)[0m  [1m[34mSELECT "schema_migrations"."version" FROM "schema_migrations" ORDER BY "schema_migrations"."version" ASC[0m
  [1m[35m (1.3ms)[0m  [1m[34mSELECT "schema_migrations"."version" FROM "schema_migrations" ORDER BY "schema_migrations"."version" ASC[0m
  [1m[35m (0.3ms)[0m  [1m[35mBEGIN[0m
  [1m[36mStaff Create (0.6ms)[0m  [1m[32mINSERT INTO "staffs" ("name", "created_at", "updated_at") VALUES ($1, $2, $3) RETURNING "id"[0m  [["name", "jim"], ["created_at", "2019-10-07 16:38:31.595890"], ["updated_at", "2019-10-07 16:38:31.595890"]]
  [1m[35m (4.1ms)[0m  [1m[35mCOMMIT[0m
  [1m[36mStaff Load (1.7ms)[0m  [1m[34mSELECT "staffs".* FROM "staffs" LIMIT $1[0m  [["LIMIT", 11]]
  [1m[35m (1.7ms)[0m  [1m[34mSELECT "schema_migrations"."version" FROM "schema_migrations" ORDER BY "schema_migrations"."version" ASC[0m
  [1m[35m (0.7ms)[0m  [1m[34mSELECT "schema_migrations"."version" FROM "schema_migrations" ORDER BY "schema_migrations"."version" ASC[0m
  [1m[35m (0.7ms)[0m  [1m[34mSELECT "schema_migrations"."version" FROM "schema_migrations" ORDER BY "schema_migrations"."version" ASC[0m
  [1m[35m (0.7ms)[0m  [1m[34mSELECT "schema_migrations"."version" FROM "schema_migrations" ORDER BY "schema_migrations"."version" ASC[0m
  [1m[35m (0.7ms)[0m  [1m[34mSELECT "schema_migrations"."version" FROM "schema_migrations" ORDER BY "schema_migrations"."version" ASC[0m
  [1m[35m (0.8ms)[0m  [1m[34mSELECT "schema_migrations"."version" FROM "schema_migrations" ORDER BY "schema_migrations"."version" ASC[0m
  [1m[35m (0.7ms)[0m  [1m[34mSELECT "schema_migrations"."version" FROM "schema_migrations" ORDER BY "schema_migrations"."version" ASC[0m
  [1m[35m (0.7ms)[0m  [1m[34mSELECT "schema_migrations"."version" FROM "schema_migrations" ORDER BY "schema_migrations"."version" ASC[0m
  [1m[35m (0.8ms)[0m  [1m[34mSELECT "schema_migrations"."version" FROM "schema_migrations" ORDER BY "schema_migrations"."version" ASC[0m
  [1m[35m (0.7ms)[0m  [1m[34mSELECT "schema_migrations"."version" FROM "schema_migrations" ORDER BY "schema_migrations"."version" ASC[0m
  [1m[35m (1.0ms)[0m  [1m[34mSELECT "schema_migrations"."version" FROM "schema_migrations" ORDER BY "schema_migrations"."version" ASC[0m
  [1m[35m (1.0ms)[0m  [1m[34mSELECT "schema_migrations"."version" FROM "schema_migrations" ORDER BY "schema_migrations"."version" ASC[0m
  [1m[35m (0.8ms)[0m  [1m[34mSELECT "schema_migrations"."version" FROM "schema_migrations" ORDER BY "schema_migrations"."version" ASC[0m
  [1m[35m (0.7ms)[0m  [1m[34mSELECT "schema_migrations"."version" FROM "schema_migrations" ORDER BY "schema_migrations"."version" ASC[0m
  [1m[35m (0.9ms)[0m  [1m[34mSELECT "schema_migrations"."version" FROM "schema_migrations" ORDER BY "schema_migrations"."version" ASC[0m
  [1m[35m (0.7ms)[0m  [1m[34mSELECT "schema_migrations"."version" FROM "schema_migrations" ORDER BY "schema_migrations"."version" ASC[0m
  [1m[35m (0.8ms)[0m  [1m[34mSELECT "schema_migrations"."version" FROM "schema_migrations" ORDER BY "schema_migrations"."version" ASC[0m
  [1m[35m (1.0ms)[0m  [1m[34mSELECT "schema_migrations"."version" FROM "schema_migrations" ORDER BY "schema_migrations"."version" ASC[0m
  [1m[35m (0.2ms)[0m  [1m[35mBEGIN[0m
  [1m[36mStaff Create (0.6ms)[0m  [1m[32mINSERT INTO "staffs" ("name", "created_at", "updated_at") VALUES ($1, $2, $3) RETURNING "id"[0m  [["name", "James"], ["created_at", "2019-10-07 16:47:40.996172"], ["updated_at", "2019-10-07 16:47:40.996172"]]
  [1m[35m (0.4ms)[0m  [1m[35mCOMMIT[0m
  [1m[35m (0.2ms)[0m  [1m[35mBEGIN[0m
  [1m[36mStaff Create (0.3ms)[0m  [1m[32mINSERT INTO "staffs" ("name", "created_at", "updated_at") VALUES ($1, $2, $3) RETURNING "id"[0m  [["name", "Jono"], ["created_at", "2019-10-07 16:47:40.999965"], ["updated_at", "2019-10-07 16:47:40.999965"]]
  [1m[35m (0.4ms)[0m  [1m[35mCOMMIT[0m
  [1m[35m (0.1ms)[0m  [1m[35mBEGIN[0m
  [1m[36mStaff Create (0.2ms)[0m  [1m[32mINSERT INTO "staffs" ("name", "created_at", "updated_at") VALUES ($1, $2, $3) RETURNING "id"[0m  [["name", "John"], ["created_at", "2019-10-07 16:47:41.003298"], ["updated_at", "2019-10-07 16:47:41.003298"]]
  [1m[35m (0.3ms)[0m  [1m[35mCOMMIT[0m
  [1m[35m (0.1ms)[0m  [1m[35mBEGIN[0m
  [1m[36mStaff Create (0.2ms)[0m  [1m[32mINSERT INTO "staffs" ("name", "created_at", "updated_at") VALUES ($1, $2, $3) RETURNING "id"[0m  [["name", "Radu"], ["created_at", "2019-10-07 16:47:41.006026"], ["updated_at", "2019-10-07 16:47:41.006026"]]
  [1m[35m (0.4ms)[0m  [1m[35mCOMMIT[0m
  [1m[35m (0.1ms)[0m  [1m[35mBEGIN[0m
  [1m[36mStaff Create (0.3ms)[0m  [1m[32mINSERT INTO "staffs" ("name", "created_at", "updated_at") VALUES ($1, $2, $3) RETURNING "id"[0m  [["name", "Cole"], ["created_at", "2019-10-07 16:47:41.008805"], ["updated_at", "2019-10-07 16:47:41.008805"]]
  [1m[35m (0.3ms)[0m  [1m[35mCOMMIT[0m
  [1m[35m (0.1ms)[0m  [1m[35mBEGIN[0m
  [1m[36mStaff Create (0.2ms)[0m  [1m[32mINSERT INTO "staffs" ("name", "created_at", "updated_at") VALUES ($1, $2, $3) RETURNING "id"[0m  [["name", "Rudi"], ["created_at", "2019-10-07 16:47:41.011488"], ["updated_at", "2019-10-07 16:47:41.011488"]]
  [1m[35m (0.3ms)[0m  [1m[35mCOMMIT[0m
  [1m[36mStaff Load (0.4ms)[0m  [1m[34mSELECT "staffs".* FROM "staffs" LIMIT $1[0m  [["LIMIT", 11]]
  [1m[36mStaff Load (0.6ms)[0m  [1m[34mSELECT "staffs".* FROM "staffs" LIMIT $1[0m  [["LIMIT", 11]]
  [1m[36mStaff Load (0.4ms)[0m  [1m[34mSELECT "staffs".* FROM "staffs"[0m
  [1m[36mStaff Load (0.8ms)[0m  [1m[34mSELECT "staffs".* FROM "staffs"[0m
  [1m[36mStaff Load (0.8ms)[0m  [1m[34mSELECT "staffs".* FROM "staffs"[0m
  [1m[36mStaff Load (0.4ms)[0m  [1m[34mSELECT "staffs".* FROM "staffs"[0m
  [1m[36mStaff Load (0.4ms)[0m  [1m[34mSELECT "staffs".* FROM "staffs"[0m
  [1m[36mStaff Load (0.5ms)[0m  [1m[34mSELECT "staffs".* FROM "staffs"[0m
  [1m[36mStaff Load (0.4ms)[0m  [1m[34mSELECT "staffs".* FROM "staffs"[0m
Started GET "/staff" for ::1 at 2019-10-07 18:19:45 +0100
  [1m[35m (3.0ms)[0m  [1m[34mSELECT "schema_migrations"."version" FROM "schema_migrations" ORDER BY "schema_migrations"."version" ASC[0m
  
ActionController::RoutingError (No route matches [GET] "/staff"):
  
actionpack (6.0.0) lib/action_dispatch/middleware/debug_exceptions.rb:36:in `call'
actionpack (6.0.0) lib/action_dispatch/middleware/show_exceptions.rb:33:in `call'
railties (6.0.0) lib/rails/rack/logger.rb:38:in `call_app'
railties (6.0.0) lib/rails/rack/logger.rb:26:in `block in call'
activesupport (6.0.0) lib/active_support/tagged_logging.rb:80:in `block in tagged'
activesupport (6.0.0) lib/active_support/tagged_logging.rb:28:in `tagged'
activesupport (6.0.0) lib/active_support/tagged_logging.rb:80:in `tagged'
railties (6.0.0) lib/rails/rack/logger.rb:26:in `call'
actionpack (6.0.0) lib/action_dispatch/middleware/remote_ip.rb:81:in `call'
actionpack (6.0.0) lib/action_dispatch/middleware/request_id.rb:27:in `call'
rack (2.0.7) lib/rack/runtime.rb:22:in `call'
activesupport (6.0.0) lib/active_support/cache/strategy/local_cache_middleware.rb:29:in `call'
actionpack (6.0.0) lib/action_dispatch/middleware/executor.rb:14:in `call'
actionpack (6.0.0) lib/action_dispatch/middleware/static.rb:126:in `call'
rack (2.0.7) lib/rack/sendfile.rb:111:in `call'
actionpack (6.0.0) lib/action_dispatch/middleware/host_authorization.rb:83:in `call'
railties (6.0.0) lib/rails/engine.rb:526:in `call'
puma (3.12.1) lib/puma/configuration.rb:227:in `call'
puma (3.12.1) lib/puma/server.rb:660:in `handle_request'
puma (3.12.1) lib/puma/server.rb:474:in `process_client'
puma (3.12.1) lib/puma/server.rb:334:in `block in run'
puma (3.12.1) lib/puma/thread_pool.rb:135:in `block in spawn_thread'
Started GET "/staffs" for ::1 at 2019-10-07 18:21:11 +0100
Processing by StaffsController#index as HTML
Completed 500 Internal Server Error in 3ms (ActiveRecord: 0.0ms | Allocations: 207)


  
SyntaxError (/Users/rudihinds/Desktop/codeChallenges/coding_zen_rudih/backend/zen_backend/app/models/staff.rb:5: syntax error, unexpected end, expecting '}'
  end
  ^~~):
  
app/models/staff.rb:5: syntax error, unexpected end, expecting '}'
app/models/staff.rb:5: syntax error, unexpected end, expecting '}'
app/controllers/staffs_controller.rb:4:in `index'
Started GET "/staffs" for ::1 at 2019-10-07 18:21:43 +0100
Processing by StaffsController#index as HTML
  [1m[36mStaff Load (0.9ms)[0m  [1m[34mSELECT "staffs".* FROM "staffs"[0m
  ↳ app/models/staff.rb:4:in `sort_by'
Completed 200 OK in 27ms (Views: 3.1ms | ActiveRecord: 9.8ms | Allocations: 4732)


Started GET "/favicon.ico" for ::1 at 2019-10-07 18:21:43 +0100
  
ActionController::RoutingError (No route matches [GET] "/favicon.ico"):
  
actionpack (6.0.0) lib/action_dispatch/middleware/debug_exceptions.rb:36:in `call'
actionpack (6.0.0) lib/action_dispatch/middleware/show_exceptions.rb:33:in `call'
railties (6.0.0) lib/rails/rack/logger.rb:38:in `call_app'
railties (6.0.0) lib/rails/rack/logger.rb:26:in `block in call'
activesupport (6.0.0) lib/active_support/tagged_logging.rb:80:in `block in tagged'
activesupport (6.0.0) lib/active_support/tagged_logging.rb:28:in `tagged'
activesupport (6.0.0) lib/active_support/tagged_logging.rb:80:in `tagged'
railties (6.0.0) lib/rails/rack/logger.rb:26:in `call'
actionpack (6.0.0) lib/action_dispatch/middleware/remote_ip.rb:81:in `call'
actionpack (6.0.0) lib/action_dispatch/middleware/request_id.rb:27:in `call'
rack (2.0.7) lib/rack/runtime.rb:22:in `call'
activesupport (6.0.0) lib/active_support/cache/strategy/local_cache_middleware.rb:29:in `call'
actionpack (6.0.0) lib/action_dispatch/middleware/executor.rb:14:in `call'
actionpack (6.0.0) lib/action_dispatch/middleware/static.rb:126:in `call'
rack (2.0.7) lib/rack/sendfile.rb:111:in `call'
actionpack (6.0.0) lib/action_dispatch/middleware/host_authorization.rb:83:in `call'
railties (6.0.0) lib/rails/engine.rb:526:in `call'
puma (3.12.1) lib/puma/configuration.rb:227:in `call'
puma (3.12.1) lib/puma/server.rb:660:in `handle_request'
puma (3.12.1) lib/puma/server.rb:474:in `process_client'
puma (3.12.1) lib/puma/server.rb:334:in `block in run'
puma (3.12.1) lib/puma/thread_pool.rb:135:in `block in spawn_thread'
Started GET "/staffs" for ::1 at 2019-10-07 18:24:48 +0100
Processing by StaffsController#index as */*
  [1m[36mStaff Load (0.3ms)[0m  [1m[34mSELECT "staffs".* FROM "staffs"[0m
  ↳ app/models/staff.rb:4:in `sort_by'
Completed 200 OK in 2ms (Views: 0.8ms | ActiveRecord: 0.3ms | Allocations: 1458)


Started GET "/" for ::1 at 2019-10-07 18:25:33 +0100
Processing by Rails::WelcomeController#index as HTML
  Rendering /Users/rudihinds/.rvm/gems/ruby-2.6.1/gems/railties-6.0.0/lib/rails/templates/rails/welcome/index.html.erb
  Rendered /Users/rudihinds/.rvm/gems/ruby-2.6.1/gems/railties-6.0.0/lib/rails/templates/rails/welcome/index.html.erb (Duration: 5.9ms | Allocations: 195)
Completed 200 OK in 8ms (Views: 6.6ms | ActiveRecord: 0.0ms | Allocations: 861)


  [1m[36mStaff Load (0.8ms)[0m  [1m[34mSELECT "staffs".* FROM "staffs"[0m
Started GET "/staffs" for ::1 at 2019-10-07 21:02:00 +0100
Processing by StaffsController#index as HTML
  [1m[36mStaff Load (4.4ms)[0m  [1m[34mSELECT "staffs".* FROM "staffs"[0m
  ↳ app/models/staff.rb:4:in `sort_by'
Completed 200 OK in 14ms (Views: 2.8ms | ActiveRecord: 4.4ms | Allocations: 1501)


Started GET "/staffs" for ::1 at 2019-10-07 21:02:40 +0100
Processing by StaffsController#index as */*
  [1m[36mStaff Load (0.3ms)[0m  [1m[34mSELECT "staffs".* FROM "staffs"[0m
  ↳ app/models/staff.rb:4:in `sort_by'
Completed 200 OK in 2ms (Views: 0.7ms | ActiveRecord: 0.3ms | Allocations: 1458)


Started GET "/staffs" for ::1 at 2019-10-07 21:05:58 +0100
Processing by StaffsController#index as */*
  [1m[36mStaff Load (0.3ms)[0m  [1m[34mSELECT "staffs".* FROM "staffs"[0m
  ↳ app/models/staff.rb:4:in `sort_by'
Completed 200 OK in 8ms (Views: 3.3ms | ActiveRecord: 0.3ms | Allocations: 1442)


Started GET "/staffs" for ::1 at 2019-10-07 21:09:52 +0100
  [1m[35m (1.4ms)[0m  [1m[34mSELECT "schema_migrations"."version" FROM "schema_migrations" ORDER BY "schema_migrations"."version" ASC[0m
Processing by StaffsController#index as */*
  [1m[36mStaff Load (0.5ms)[0m  [1m[34mSELECT "staffs".* FROM "staffs"[0m
  ↳ app/models/staff.rb:4:in `sort_by'
Completed 200 OK in 19ms (Views: 0.9ms | ActiveRecord: 10.9ms | Allocations: 4611)


Started GET "/staffs" for ::1 at 2019-10-07 21:11:11 +0100
Processing by StaffsController#index as */*
  [1m[36mStaff Load (0.4ms)[0m  [1m[34mSELECT "staffs".* FROM "staffs"[0m
  ↳ app/models/staff.rb:4:in `sort_by'
Completed 200 OK in 3ms (Views: 0.9ms | ActiveRecord: 0.4ms | Allocations: 1459)


Started GET "/staffs" for ::1 at 2019-10-07 21:15:42 +0100
Processing by StaffsController#index as */*
  [1m[36mStaff Load (0.4ms)[0m  [1m[34mSELECT "staffs".* FROM "staffs"[0m
  ↳ app/models/staff.rb:4:in `sort_by'
Completed 200 OK in 25ms (Views: 0.9ms | ActiveRecord: 0.4ms | Allocations: 1462)


Started GET "/staffs" for ::1 at 2019-10-07 21:16:58 +0100
Processing by StaffsController#index as */*
  [1m[36mStaff Load (0.3ms)[0m  [1m[34mSELECT "staffs".* FROM "staffs"[0m
  ↳ app/models/staff.rb:4:in `sort_by'
Completed 200 OK in 3ms (Views: 0.9ms | ActiveRecord: 0.3ms | Allocations: 1459)


Started GET "/staffs" for ::1 at 2019-10-07 21:18:19 +0100
Processing by StaffsController#index as */*
  [1m[36mStaff Load (0.3ms)[0m  [1m[34mSELECT "staffs".* FROM "staffs"[0m
  ↳ app/models/staff.rb:4:in `sort_by'
Completed 200 OK in 3ms (Views: 1.6ms | ActiveRecord: 0.3ms | Allocations: 1459)


Started GET "/staffs" for ::1 at 2019-10-07 21:34:22 +0100
Processing by StaffsController#index as */*
  [1m[36mStaff Load (0.6ms)[0m  [1m[34mSELECT "staffs".* FROM "staffs"[0m
  ↳ app/models/staff.rb:4:in `sort_by'
Completed 200 OK in 2ms (Views: 0.6ms | ActiveRecord: 0.6ms | Allocations: 1504)


Started GET "/staffs" for ::1 at 2019-10-07 21:34:25 +0100
Processing by StaffsController#index as */*
  [1m[36mStaff Load (0.3ms)[0m  [1m[34mSELECT "staffs".* FROM "staffs"[0m
  ↳ app/models/staff.rb:4:in `sort_by'
Completed 200 OK in 2ms (Views: 0.6ms | ActiveRecord: 0.3ms | Allocations: 1443)


Started GET "/staffs" for ::1 at 2019-10-07 21:34:28 +0100
Processing by StaffsController#index as */*
  [1m[36mStaff Load (1.8ms)[0m  [1m[34mSELECT "staffs".* FROM "staffs"[0m
  ↳ app/models/staff.rb:4:in `sort_by'
Completed 200 OK in 4ms (Views: 0.9ms | ActiveRecord: 1.8ms | Allocations: 1443)


Started GET "/staffs" for ::1 at 2019-10-07 22:31:00 +0100
Processing by StaffsController#index as */*
  [1m[36mStaff Load (2.3ms)[0m  [1m[34mSELECT "staffs".* FROM "staffs"[0m
  ↳ app/models/staff.rb:4:in `sort_by'
Completed 200 OK in 5ms (Views: 1.3ms | ActiveRecord: 2.3ms | Allocations: 1504)


Started GET "/staffs" for ::1 at 2019-10-07 22:31:49 +0100
Processing by StaffsController#index as */*
  [1m[36mStaff Load (0.4ms)[0m  [1m[34mSELECT "staffs".* FROM "staffs"[0m
  ↳ app/models/staff.rb:4:in `sort_by'
Completed 200 OK in 3ms (Views: 0.8ms | ActiveRecord: 0.4ms | Allocations: 1443)


Started GET "/staffs" for ::1 at 2019-10-07 22:31:56 +0100
Processing by StaffsController#index as */*
  [1m[36mStaff Load (1.3ms)[0m  [1m[34mSELECT "staffs".* FROM "staffs"[0m
  ↳ app/models/staff.rb:4:in `sort_by'
Completed 200 OK in 5ms (Views: 1.5ms | ActiveRecord: 1.3ms | Allocations: 1443)


Started GET "/staffs" for ::1 at 2019-10-07 22:32:03 +0100
Processing by StaffsController#index as */*
  [1m[36mStaff Load (0.8ms)[0m  [1m[34mSELECT "staffs".* FROM "staffs"[0m
  ↳ app/models/staff.rb:4:in `sort_by'
Completed 200 OK in 3ms (Views: 0.8ms | ActiveRecord: 0.8ms | Allocations: 1443)


Started GET "/staffs" for ::1 at 2019-10-07 22:32:16 +0100
Processing by StaffsController#index as */*
  [1m[36mStaff Load (0.5ms)[0m  [1m[34mSELECT "staffs".* FROM "staffs"[0m
  ↳ app/models/staff.rb:4:in `sort_by'
Completed 200 OK in 3ms (Views: 0.9ms | ActiveRecord: 0.5ms | Allocations: 1443)


Started GET "/staffs" for ::1 at 2019-10-07 22:32:24 +0100
Processing by StaffsController#index as */*
  [1m[36mStaff Load (5.5ms)[0m  [1m[34mSELECT "staffs".* FROM "staffs"[0m
  ↳ app/models/staff.rb:4:in `sort_by'
Completed 200 OK in 11ms (Views: 3.1ms | ActiveRecord: 5.5ms | Allocations: 1443)


Started GET "/staffs" for ::1 at 2019-10-07 22:32:25 +0100
Processing by StaffsController#index as */*
  [1m[36mStaff Load (0.3ms)[0m  [1m[34mSELECT "staffs".* FROM "staffs"[0m
  ↳ app/models/staff.rb:4:in `sort_by'
Completed 200 OK in 2ms (Views: 0.9ms | ActiveRecord: 0.3ms | Allocations: 1443)


Started GET "/staffs" for ::1 at 2019-10-08 23:24:35 +0100
Processing by StaffsController#index as */*
  [1m[36mStaff Load (4.2ms)[0m  [1m[34mSELECT "staffs".* FROM "staffs"[0m
  ↳ app/models/staff.rb:4:in `sort_by'
Completed 200 OK in 19ms (Views: 3.9ms | ActiveRecord: 4.2ms | Allocations: 1504)


Started GET "/staffs" for ::1 at 2019-10-08 23:28:55 +0100
Processing by StaffsController#index as */*
  [1m[36mStaff Load (0.6ms)[0m  [1m[34mSELECT "staffs".* FROM "staffs"[0m
  ↳ app/models/staff.rb:4:in `sort_by'
Completed 200 OK in 4ms (Views: 0.9ms | ActiveRecord: 0.6ms | Allocations: 1443)


Started GET "/staffs" for ::1 at 2019-10-08 23:29:00 +0100
Processing by StaffsController#index as */*
  [1m[36mStaff Load (0.4ms)[0m  [1m[34mSELECT "staffs".* FROM "staffs"[0m
  ↳ app/models/staff.rb:4:in `sort_by'
Completed 200 OK in 26ms (Views: 7.9ms | ActiveRecord: 0.4ms | Allocations: 1443)


Started GET "/staffs" for ::1 at 2019-10-08 23:29:25 +0100
Processing by StaffsController#index as */*
  [1m[36mStaff Load (1.0ms)[0m  [1m[34mSELECT "staffs".* FROM "staffs"[0m
  ↳ app/models/staff.rb:4:in `sort_by'
Completed 200 OK in 12ms (Views: 2.7ms | ActiveRecord: 1.0ms | Allocations: 1443)


Started GET "/staffs" for ::1 at 2019-10-08 23:30:30 +0100
Processing by StaffsController#index as */*
  [1m[36mStaff Load (0.4ms)[0m  [1m[34mSELECT "staffs".* FROM "staffs"[0m
  ↳ app/models/staff.rb:4:in `sort_by'
Completed 200 OK in 6ms (Views: 0.8ms | ActiveRecord: 0.4ms | Allocations: 1443)


Started GET "/staffs" for ::1 at 2019-10-08 23:31:45 +0100
Processing by StaffsController#index as */*
  [1m[36mStaff Load (0.4ms)[0m  [1m[34mSELECT "staffs".* FROM "staffs"[0m
  ↳ app/models/staff.rb:4:in `sort_by'
Completed 200 OK in 5ms (Views: 1.7ms | ActiveRecord: 0.4ms | Allocations: 1443)


Started GET "/staffs" for ::1 at 2019-10-08 23:31:59 +0100
Processing by StaffsController#index as */*
  [1m[36mStaff Load (0.3ms)[0m  [1m[34mSELECT "staffs".* FROM "staffs"[0m
  ↳ app/models/staff.rb:4:in `sort_by'
Completed 200 OK in 2ms (Views: 0.7ms | ActiveRecord: 0.3ms | Allocations: 1443)


Started GET "/staffs" for ::1 at 2019-10-08 23:32:19 +0100
Processing by StaffsController#index as */*
  [1m[36mStaff Load (0.5ms)[0m  [1m[34mSELECT "staffs".* FROM "staffs"[0m
  ↳ app/models/staff.rb:4:in `sort_by'
Completed 200 OK in 5ms (Views: 1.1ms | ActiveRecord: 0.5ms | Allocations: 1443)


Started GET "/staffs" for ::1 at 2019-10-08 23:34:53 +0100
Processing by StaffsController#index as */*
  [1m[36mStaff Load (0.3ms)[0m  [1m[34mSELECT "staffs".* FROM "staffs"[0m
  ↳ app/models/staff.rb:4:in `sort_by'
Completed 200 OK in 3ms (Views: 1.3ms | ActiveRecord: 0.3ms | Allocations: 1443)


Started GET "/staffs" for ::1 at 2019-10-08 23:48:12 +0100
Processing by StaffsController#index as */*
  [1m[36mStaff Load (1.2ms)[0m  [1m[34mSELECT "staffs".* FROM "staffs"[0m
  ↳ app/models/staff.rb:4:in `sort_by'
Completed 200 OK in 3ms (Views: 0.8ms | ActiveRecord: 1.2ms | Allocations: 1505)


Started GET "/staffs" for ::1 at 2019-10-09 09:09:17 +0100
Processing by StaffsController#index as */*
  [1m[36mStaff Load (6.5ms)[0m  [1m[34mSELECT "staffs".* FROM "staffs"[0m
  ↳ app/models/staff.rb:4:in `sort_by'
Completed 200 OK in 29ms (Views: 4.6ms | ActiveRecord: 6.5ms | Allocations: 1504)


Started GET "/staffs" for ::1 at 2019-10-09 09:59:13 +0100
Processing by StaffsController#index as */*
  [1m[36mStaff Load (0.8ms)[0m  [1m[34mSELECT "staffs".* FROM "staffs"[0m
  ↳ app/models/staff.rb:4:in `sort_by'
Completed 200 OK in 19ms (Views: 5.0ms | ActiveRecord: 0.8ms | Allocations: 1504)


Started GET "/staffs" for ::1 at 2019-10-09 09:59:30 +0100
Processing by StaffsController#index as */*
  [1m[36mStaff Load (41.6ms)[0m  [1m[34mSELECT "staffs".* FROM "staffs"[0m
  ↳ app/models/staff.rb:4:in `sort_by'
Completed 200 OK in 59ms (Views: 7.7ms | ActiveRecord: 41.6ms | Allocations: 1443)


Started GET "/staffs" for ::1 at 2019-10-09 09:59:59 +0100
Processing by StaffsController#index as */*
  [1m[36mStaff Load (3.2ms)[0m  [1m[34mSELECT "staffs".* FROM "staffs"[0m
  ↳ app/models/staff.rb:4:in `sort_by'
Completed 200 OK in 13ms (Views: 2.2ms | ActiveRecord: 3.2ms | Allocations: 1443)


Started GET "/staffs" for ::1 at 2019-10-09 10:00:00 +0100
Processing by StaffsController#index as */*
  [1m[36mStaff Load (53.1ms)[0m  [1m[34mSELECT "staffs".* FROM "staffs"[0m
  ↳ app/models/staff.rb:4:in `sort_by'
Completed 200 OK in 66ms (Views: 4.2ms | ActiveRecord: 53.1ms | Allocations: 1443)


Started GET "/staffs" for ::1 at 2019-10-09 10:00:02 +0100
Processing by StaffsController#index as */*
  [1m[36mStaff Load (2.4ms)[0m  [1m[34mSELECT "staffs".* FROM "staffs"[0m
  ↳ app/models/staff.rb:4:in `sort_by'
Completed 200 OK in 18ms (Views: 6.1ms | ActiveRecord: 2.4ms | Allocations: 1443)


Started GET "/staffs" for ::1 at 2019-10-09 10:00:55 +0100
Processing by StaffsController#index as */*
  [1m[36mStaff Load (0.7ms)[0m  [1m[34mSELECT "staffs".* FROM "staffs"[0m
  ↳ app/models/staff.rb:4:in `sort_by'
Completed 200 OK in 12ms (Views: 4.8ms | ActiveRecord: 0.7ms | Allocations: 1443)


Started GET "/staffs" for ::1 at 2019-10-09 10:01:14 +0100
Processing by StaffsController#index as */*
  [1m[36mStaff Load (0.4ms)[0m  [1m[34mSELECT "staffs".* FROM "staffs"[0m
  ↳ app/models/staff.rb:4:in `sort_by'
Completed 200 OK in 10ms (Views: 3.4ms | ActiveRecord: 0.4ms | Allocations: 1443)


Started GET "/staffs" for ::1 at 2019-10-09 10:01:32 +0100
Processing by StaffsController#index as */*
  [1m[36mStaff Load (2.3ms)[0m  [1m[34mSELECT "staffs".* FROM "staffs"[0m
  ↳ app/models/staff.rb:4:in `sort_by'
Completed 200 OK in 9ms (Views: 2.4ms | ActiveRecord: 2.3ms | Allocations: 1443)


Started GET "/staffs" for ::1 at 2019-10-09 10:02:05 +0100
Processing by StaffsController#index as */*
  [1m[36mStaff Load (0.7ms)[0m  [1m[34mSELECT "staffs".* FROM "staffs"[0m
  ↳ app/models/staff.rb:4:in `sort_by'
Completed 200 OK in 7ms (Views: 1.5ms | ActiveRecord: 0.7ms | Allocations: 1443)


Started GET "/staffs" for ::1 at 2019-10-09 10:02:06 +0100
Processing by StaffsController#index as */*
  [1m[36mStaff Load (0.3ms)[0m  [1m[34mSELECT "staffs".* FROM "staffs"[0m
  ↳ app/models/staff.rb:4:in `sort_by'
Completed 200 OK in 7ms (Views: 1.6ms | ActiveRecord: 0.3ms | Allocations: 1443)


Started GET "/staffs" for ::1 at 2019-10-09 10:02:08 +0100
Processing by StaffsController#index as */*
  [1m[36mStaff Load (1.3ms)[0m  [1m[34mSELECT "staffs".* FROM "staffs"[0m
  ↳ app/models/staff.rb:4:in `sort_by'
Completed 200 OK in 10ms (Views: 3.7ms | ActiveRecord: 1.3ms | Allocations: 1443)


Started GET "/staffs" for ::1 at 2019-10-09 10:04:47 +0100
Processing by StaffsController#index as */*
  [1m[36mStaff Load (6.0ms)[0m  [1m[34mSELECT "staffs".* FROM "staffs"[0m
  ↳ app/models/staff.rb:4:in `sort_by'
Completed 200 OK in 12ms (Views: 2.3ms | ActiveRecord: 6.0ms | Allocations: 1443)


Started GET "/staffs" for ::1 at 2019-10-09 10:07:28 +0100
Processing by StaffsController#index as */*
  [1m[36mStaff Load (1.5ms)[0m  [1m[34mSELECT "staffs".* FROM "staffs"[0m
  ↳ app/models/staff.rb:4:in `sort_by'
Completed 200 OK in 5ms (Views: 1.2ms | ActiveRecord: 1.5ms | Allocations: 1443)


Started GET "/staffs" for ::1 at 2019-10-09 10:11:46 +0100
Processing by StaffsController#index as */*
  [1m[36mStaff Load (0.5ms)[0m  [1m[34mSELECT "staffs".* FROM "staffs"[0m
  ↳ app/models/staff.rb:4:in `sort_by'
Completed 200 OK in 11ms (Views: 4.1ms | ActiveRecord: 0.5ms | Allocations: 1443)


Started GET "/staffs" for ::1 at 2019-10-09 10:12:16 +0100
Processing by StaffsController#index as */*
  [1m[36mStaff Load (0.4ms)[0m  [1m[34mSELECT "staffs".* FROM "staffs"[0m
  ↳ app/models/staff.rb:4:in `sort_by'
Completed 200 OK in 16ms (Views: 7.1ms | ActiveRecord: 0.4ms | Allocations: 1443)


Started GET "/staffs" for ::1 at 2019-10-09 10:12:53 +0100
Processing by StaffsController#index as */*
  [1m[36mStaff Load (1.0ms)[0m  [1m[34mSELECT "staffs".* FROM "staffs"[0m
  ↳ app/models/staff.rb:4:in `sort_by'
Completed 200 OK in 255ms (Views: 1.3ms | ActiveRecord: 1.0ms | Allocations: 1462)


Started GET "/staffs" for ::1 at 2019-10-09 10:13:18 +0100
Processing by StaffsController#index as */*
  [1m[36mStaff Load (1.1ms)[0m  [1m[34mSELECT "staffs".* FROM "staffs"[0m
  ↳ app/models/staff.rb:4:in `sort_by'
Completed 200 OK in 6ms (Views: 1.7ms | ActiveRecord: 1.1ms | Allocations: 1443)


Started GET "/staffs" for ::1 at 2019-10-09 10:14:26 +0100
Processing by StaffsController#index as */*
  [1m[36mStaff Load (0.4ms)[0m  [1m[34mSELECT "staffs".* FROM "staffs"[0m
  ↳ app/models/staff.rb:4:in `sort_by'
Completed 200 OK in 4ms (Views: 0.9ms | ActiveRecord: 0.4ms | Allocations: 1443)


Started GET "/staffs" for ::1 at 2019-10-09 10:14:47 +0100
Processing by StaffsController#index as */*
  [1m[36mStaff Load (1.0ms)[0m  [1m[34mSELECT "staffs".* FROM "staffs"[0m
  ↳ app/models/staff.rb:4:in `sort_by'
Completed 200 OK in 4ms (Views: 1.0ms | ActiveRecord: 1.0ms | Allocations: 1443)


Started GET "/staffs" for ::1 at 2019-10-09 10:15:27 +0100
Processing by StaffsController#index as */*
  [1m[36mStaff Load (0.3ms)[0m  [1m[34mSELECT "staffs".* FROM "staffs"[0m
  ↳ app/models/staff.rb:4:in `sort_by'
Completed 200 OK in 3ms (Views: 1.9ms | ActiveRecord: 0.3ms | Allocations: 1443)


Started GET "/staffs" for ::1 at 2019-10-09 10:15:51 +0100
Processing by StaffsController#index as */*
  [1m[36mStaff Load (0.3ms)[0m  [1m[34mSELECT "staffs".* FROM "staffs"[0m
  ↳ app/models/staff.rb:4:in `sort_by'
Completed 200 OK in 3ms (Views: 1.5ms | ActiveRecord: 0.3ms | Allocations: 1443)


Started GET "/staffs" for ::1 at 2019-10-09 10:16:32 +0100
Processing by StaffsController#index as */*
  [1m[36mStaff Load (0.4ms)[0m  [1m[34mSELECT "staffs".* FROM "staffs"[0m
  ↳ app/models/staff.rb:4:in `sort_by'
Completed 200 OK in 3ms (Views: 1.7ms | ActiveRecord: 0.4ms | Allocations: 1443)


Started GET "/staffs" for ::1 at 2019-10-09 10:17:39 +0100
Processing by StaffsController#index as */*
  [1m[36mStaff Load (0.3ms)[0m  [1m[34mSELECT "staffs".* FROM "staffs"[0m
  ↳ app/models/staff.rb:4:in `sort_by'
Completed 200 OK in 3ms (Views: 1.0ms | ActiveRecord: 0.3ms | Allocations: 1443)


Started GET "/staffs" for ::1 at 2019-10-09 10:18:21 +0100
Processing by StaffsController#index as */*
  [1m[36mStaff Load (0.8ms)[0m  [1m[34mSELECT "staffs".* FROM "staffs"[0m
  ↳ app/models/staff.rb:4:in `sort_by'
Completed 200 OK in 4ms (Views: 0.8ms | ActiveRecord: 0.8ms | Allocations: 1443)


Started GET "/staffs" for ::1 at 2019-10-09 10:19:01 +0100
Processing by StaffsController#index as */*
  [1m[36mStaff Load (0.4ms)[0m  [1m[34mSELECT "staffs".* FROM "staffs"[0m
  ↳ app/models/staff.rb:4:in `sort_by'
Completed 200 OK in 3ms (Views: 0.9ms | ActiveRecord: 0.4ms | Allocations: 1443)


Started GET "/staffs" for ::1 at 2019-10-09 10:21:52 +0100
Processing by StaffsController#index as */*
  [1m[36mStaff Load (14.3ms)[0m  [1m[34mSELECT "staffs".* FROM "staffs"[0m
  ↳ app/models/staff.rb:4:in `sort_by'
Completed 200 OK in 22ms (Views: 4.3ms | ActiveRecord: 14.3ms | Allocations: 1443)


Started GET "/staffs" for ::1 at 2019-10-09 10:22:01 +0100
Processing by StaffsController#index as */*
  [1m[36mStaff Load (0.5ms)[0m  [1m[34mSELECT "staffs".* FROM "staffs"[0m
  ↳ app/models/staff.rb:4:in `sort_by'
Completed 200 OK in 4ms (Views: 1.8ms | ActiveRecord: 0.5ms | Allocations: 1443)


Started GET "/staffs" for ::1 at 2019-10-09 10:22:06 +0100
Processing by StaffsController#index as */*
  [1m[36mStaff Load (0.3ms)[0m  [1m[34mSELECT "staffs".* FROM "staffs"[0m
  ↳ app/models/staff.rb:4:in `sort_by'
Completed 200 OK in 2ms (Views: 0.7ms | ActiveRecord: 0.3ms | Allocations: 1443)


Started GET "/staffs" for ::1 at 2019-10-09 10:22:13 +0100
Processing by StaffsController#index as */*
  [1m[36mStaff Load (0.4ms)[0m  [1m[34mSELECT "staffs".* FROM "staffs"[0m
  ↳ app/models/staff.rb:4:in `sort_by'
Completed 200 OK in 3ms (Views: 1.7ms | ActiveRecord: 0.4ms | Allocations: 1443)


Started GET "/staffs" for ::1 at 2019-10-09 10:22:15 +0100
Processing by StaffsController#index as */*
  [1m[36mStaff Load (0.3ms)[0m  [1m[34mSELECT "staffs".* FROM "staffs"[0m
  ↳ app/models/staff.rb:4:in `sort_by'
Completed 200 OK in 4ms (Views: 1.8ms | ActiveRecord: 0.3ms | Allocations: 1443)


Started GET "/staffs" for ::1 at 2019-10-09 10:24:11 +0100
Processing by StaffsController#index as */*
  [1m[36mStaff Load (0.4ms)[0m  [1m[34mSELECT "staffs".* FROM "staffs"[0m
  ↳ app/models/staff.rb:4:in `sort_by'
Completed 200 OK in 2ms (Views: 0.8ms | ActiveRecord: 0.4ms | Allocations: 1443)


Started GET "/staffs" for ::1 at 2019-10-09 10:24:13 +0100
Processing by StaffsController#index as */*
  [1m[36mStaff Load (2.9ms)[0m  [1m[34mSELECT "staffs".* FROM "staffs"[0m
  ↳ app/models/staff.rb:4:in `sort_by'
Completed 200 OK in 7ms (Views: 2.3ms | ActiveRecord: 2.9ms | Allocations: 1443)


Started GET "/staffs" for ::1 at 2019-10-09 10:24:20 +0100
Processing by StaffsController#index as */*
  [1m[36mStaff Load (0.3ms)[0m  [1m[34mSELECT "staffs".* FROM "staffs"[0m
  ↳ app/models/staff.rb:4:in `sort_by'
Completed 200 OK in 2ms (Views: 0.6ms | ActiveRecord: 0.3ms | Allocations: 1443)


Started GET "/staffs" for ::1 at 2019-10-09 10:24:21 +0100
Processing by StaffsController#index as */*
  [1m[36mStaff Load (1.9ms)[0m  [1m[34mSELECT "staffs".* FROM "staffs"[0m
  ↳ app/models/staff.rb:4:in `sort_by'
Completed 200 OK in 5ms (Views: 1.2ms | ActiveRecord: 1.9ms | Allocations: 1443)


Started GET "/staffs" for ::1 at 2019-10-09 10:24:22 +0100
Processing by StaffsController#index as */*
  [1m[36mStaff Load (0.4ms)[0m  [1m[34mSELECT "staffs".* FROM "staffs"[0m
  ↳ app/models/staff.rb:4:in `sort_by'
Completed 200 OK in 3ms (Views: 1.4ms | ActiveRecord: 0.4ms | Allocations: 1443)


Started GET "/staffs" for ::1 at 2019-10-09 10:24:28 +0100
Processing by StaffsController#index as */*
  [1m[36mStaff Load (16.4ms)[0m  [1m[34mSELECT "staffs".* FROM "staffs"[0m
  ↳ app/models/staff.rb:4:in `sort_by'
Completed 200 OK in 20ms (Views: 1.5ms | ActiveRecord: 16.4ms | Allocations: 1443)


Started GET "/staffs" for ::1 at 2019-10-09 10:24:30 +0100
Processing by StaffsController#index as */*
  [1m[36mStaff Load (0.3ms)[0m  [1m[34mSELECT "staffs".* FROM "staffs"[0m
  ↳ app/models/staff.rb:4:in `sort_by'
Completed 200 OK in 4ms (Views: 2.3ms | ActiveRecord: 0.3ms | Allocations: 1443)


Started GET "/staffs" for ::1 at 2019-10-09 10:27:01 +0100
Processing by StaffsController#index as */*
  [1m[36mStaff Load (0.3ms)[0m  [1m[34mSELECT "staffs".* FROM "staffs"[0m
  ↳ app/models/staff.rb:4:in `sort_by'
Completed 200 OK in 6ms (Views: 2.9ms | ActiveRecord: 0.3ms | Allocations: 1443)


Started GET "/staffs" for ::1 at 2019-10-09 10:27:08 +0100
Processing by StaffsController#index as */*
  [1m[36mStaff Load (0.3ms)[0m  [1m[34mSELECT "staffs".* FROM "staffs"[0m
  ↳ app/models/staff.rb:4:in `sort_by'
Completed 200 OK in 4ms (Views: 1.4ms | ActiveRecord: 0.3ms | Allocations: 1443)


Started GET "/staffs" for ::1 at 2019-10-09 10:27:25 +0100
Processing by StaffsController#index as */*
  [1m[36mStaff Load (1.2ms)[0m  [1m[34mSELECT "staffs".* FROM "staffs"[0m
  ↳ app/models/staff.rb:4:in `sort_by'
Completed 200 OK in 5ms (Views: 2.1ms | ActiveRecord: 1.2ms | Allocations: 1443)


Started GET "/staffs" for ::1 at 2019-10-09 10:27:34 +0100
Processing by StaffsController#index as */*
  [1m[36mStaff Load (0.3ms)[0m  [1m[34mSELECT "staffs".* FROM "staffs"[0m
  ↳ app/models/staff.rb:4:in `sort_by'
Completed 200 OK in 5ms (Views: 4.0ms | ActiveRecord: 0.3ms | Allocations: 1443)


Started GET "/staffs" for ::1 at 2019-10-09 10:27:38 +0100
Processing by StaffsController#index as */*
  [1m[36mStaff Load (0.3ms)[0m  [1m[34mSELECT "staffs".* FROM "staffs"[0m
  ↳ app/models/staff.rb:4:in `sort_by'
Completed 200 OK in 3ms (Views: 1.0ms | ActiveRecord: 0.3ms | Allocations: 1443)


Started GET "/staffs" for ::1 at 2019-10-09 10:27:47 +0100
Processing by StaffsController#index as */*
  [1m[36mStaff Load (0.4ms)[0m  [1m[34mSELECT "staffs".* FROM "staffs"[0m
  ↳ app/models/staff.rb:4:in `sort_by'
Completed 200 OK in 3ms (Views: 0.9ms | ActiveRecord: 0.4ms | Allocations: 1443)


Started GET "/staffs" for ::1 at 2019-10-09 10:28:03 +0100
Processing by StaffsController#index as */*
  [1m[36mStaff Load (0.5ms)[0m  [1m[34mSELECT "staffs".* FROM "staffs"[0m
  ↳ app/models/staff.rb:4:in `sort_by'
Completed 200 OK in 2ms (Views: 0.7ms | ActiveRecord: 0.5ms | Allocations: 1443)


Started GET "/staffs" for ::1 at 2019-10-09 10:30:25 +0100
Processing by StaffsController#index as */*
  [1m[36mStaff Load (0.7ms)[0m  [1m[34mSELECT "staffs".* FROM "staffs"[0m
  ↳ app/models/staff.rb:4:in `sort_by'
Completed 200 OK in 11ms (Views: 1.0ms | ActiveRecord: 0.7ms | Allocations: 1446)


Started GET "/staffs" for ::1 at 2019-10-09 10:36:12 +0100
Processing by StaffsController#index as */*
  [1m[36mStaff Load (0.3ms)[0m  [1m[34mSELECT "staffs".* FROM "staffs"[0m
  ↳ app/models/staff.rb:4:in `sort_by'
Completed 200 OK in 2ms (Views: 0.6ms | ActiveRecord: 0.3ms | Allocations: 1443)


Started GET "/staffs" for ::1 at 2019-10-09 10:36:28 +0100
Processing by StaffsController#index as */*
  [1m[36mStaff Load (2.3ms)[0m  [1m[34mSELECT "staffs".* FROM "staffs"[0m
  ↳ app/models/staff.rb:4:in `sort_by'
Completed 200 OK in 4ms (Views: 0.9ms | ActiveRecord: 2.3ms | Allocations: 1443)


Started GET "/staffs" for ::1 at 2019-10-09 10:41:13 +0100
Processing by StaffsController#index as */*
  [1m[36mStaff Load (7.1ms)[0m  [1m[34mSELECT "staffs".* FROM "staffs"[0m
  ↳ app/models/staff.rb:4:in `sort_by'
Completed 200 OK in 9ms (Views: 0.8ms | ActiveRecord: 7.1ms | Allocations: 1443)


Started GET "/staffs" for ::1 at 2019-10-09 10:41:18 +0100
Processing by StaffsController#index as */*
  [1m[36mStaff Load (0.3ms)[0m  [1m[34mSELECT "staffs".* FROM "staffs"[0m
  ↳ app/models/staff.rb:4:in `sort_by'
Completed 200 OK in 3ms (Views: 1.0ms | ActiveRecord: 0.3ms | Allocations: 1443)


Started GET "/staffs" for ::1 at 2019-10-09 10:41:21 +0100
Processing by StaffsController#index as */*
  [1m[36mStaff Load (0.3ms)[0m  [1m[34mSELECT "staffs".* FROM "staffs"[0m
  ↳ app/models/staff.rb:4:in `sort_by'
Completed 200 OK in 2ms (Views: 0.7ms | ActiveRecord: 0.3ms | Allocations: 1443)


Started GET "/staffs" for ::1 at 2019-10-09 10:41:23 +0100
Processing by StaffsController#index as */*
  [1m[36mStaff Load (0.3ms)[0m  [1m[34mSELECT "staffs".* FROM "staffs"[0m
  ↳ app/models/staff.rb:4:in `sort_by'
Completed 200 OK in 2ms (Views: 0.8ms | ActiveRecord: 0.3ms | Allocations: 1443)


Started GET "/staffs" for ::1 at 2019-10-09 10:41:26 +0100
Processing by StaffsController#index as */*
  [1m[36mStaff Load (0.6ms)[0m  [1m[34mSELECT "staffs".* FROM "staffs"[0m
  ↳ app/models/staff.rb:4:in `sort_by'
Completed 200 OK in 3ms (Views: 0.9ms | ActiveRecord: 0.6ms | Allocations: 1443)


Started GET "/staffs" for ::1 at 2019-10-09 10:41:28 +0100
Processing by StaffsController#index as */*
  [1m[36mStaff Load (5.7ms)[0m  [1m[34mSELECT "staffs".* FROM "staffs"[0m
  ↳ app/models/staff.rb:4:in `sort_by'
Completed 200 OK in 8ms (Views: 0.7ms | ActiveRecord: 5.7ms | Allocations: 1443)


Started GET "/staffs" for ::1 at 2019-10-09 10:42:14 +0100
Processing by StaffsController#index as */*
  [1m[36mStaff Load (0.4ms)[0m  [1m[34mSELECT "staffs".* FROM "staffs"[0m
  ↳ app/models/staff.rb:4:in `sort_by'
Completed 200 OK in 4ms (Views: 1.1ms | ActiveRecord: 0.4ms | Allocations: 1443)


Started GET "/staffs" for ::1 at 2019-10-09 10:42:24 +0100
Processing by StaffsController#index as */*
  [1m[36mStaff Load (0.3ms)[0m  [1m[34mSELECT "staffs".* FROM "staffs"[0m
  ↳ app/models/staff.rb:4:in `sort_by'
Completed 200 OK in 3ms (Views: 0.9ms | ActiveRecord: 0.3ms | Allocations: 1443)


Started GET "/staffs" for ::1 at 2019-10-09 10:43:01 +0100
Processing by StaffsController#index as */*
  [1m[36mStaff Load (0.3ms)[0m  [1m[34mSELECT "staffs".* FROM "staffs"[0m
  ↳ app/models/staff.rb:4:in `sort_by'
Completed 200 OK in 3ms (Views: 1.0ms | ActiveRecord: 0.3ms | Allocations: 1443)


Started GET "/staffs" for ::1 at 2019-10-09 10:43:06 +0100
Processing by StaffsController#index as */*
  [1m[36mStaff Load (0.3ms)[0m  [1m[34mSELECT "staffs".* FROM "staffs"[0m
  ↳ app/models/staff.rb:4:in `sort_by'
Completed 200 OK in 2ms (Views: 0.8ms | ActiveRecord: 0.3ms | Allocations: 1443)


Started GET "/staffs" for ::1 at 2019-10-09 10:45:40 +0100
Processing by StaffsController#index as */*
  [1m[36mStaff Load (43.7ms)[0m  [1m[34mSELECT "staffs".* FROM "staffs"[0m
  ↳ app/models/staff.rb:4:in `sort_by'
Completed 200 OK in 47ms (Views: 1.5ms | ActiveRecord: 43.7ms | Allocations: 1443)


Started GET "/staffs" for ::1 at 2019-10-09 10:45:52 +0100
Processing by StaffsController#index as */*
  [1m[36mStaff Load (0.4ms)[0m  [1m[34mSELECT "staffs".* FROM "staffs"[0m
  ↳ app/models/staff.rb:4:in `sort_by'
Completed 200 OK in 3ms (Views: 1.2ms | ActiveRecord: 0.4ms | Allocations: 1443)


Started GET "/staffs" for ::1 at 2019-10-09 10:45:56 +0100
Processing by StaffsController#index as */*
  [1m[36mStaff Load (0.5ms)[0m  [1m[34mSELECT "staffs".* FROM "staffs"[0m
  ↳ app/models/staff.rb:4:in `sort_by'
Completed 200 OK in 3ms (Views: 1.1ms | ActiveRecord: 0.5ms | Allocations: 1443)


Started GET "/staffs" for ::1 at 2019-10-09 10:46:23 +0100
Processing by StaffsController#index as */*
  [1m[36mStaff Load (0.3ms)[0m  [1m[34mSELECT "staffs".* FROM "staffs"[0m
  ↳ app/models/staff.rb:4:in `sort_by'
Completed 200 OK in 5ms (Views: 1.3ms | ActiveRecord: 0.3ms | Allocations: 1443)


Started GET "/staffs" for ::1 at 2019-10-09 10:46:42 +0100
Processing by StaffsController#index as */*
  [1m[36mStaff Load (0.3ms)[0m  [1m[34mSELECT "staffs".* FROM "staffs"[0m
  ↳ app/models/staff.rb:4:in `sort_by'
Completed 200 OK in 4ms (Views: 1.1ms | ActiveRecord: 0.3ms | Allocations: 1443)


Started GET "/staffs" for ::1 at 2019-10-09 10:46:45 +0100
Processing by StaffsController#index as */*
  [1m[36mStaff Load (0.3ms)[0m  [1m[34mSELECT "staffs".* FROM "staffs"[0m
  ↳ app/models/staff.rb:4:in `sort_by'
Completed 200 OK in 3ms (Views: 0.8ms | ActiveRecord: 0.3ms | Allocations: 1443)


Started GET "/staffs" for ::1 at 2019-10-09 10:46:47 +0100
Processing by StaffsController#index as */*
  [1m[36mStaff Load (0.7ms)[0m  [1m[34mSELECT "staffs".* FROM "staffs"[0m
  ↳ app/models/staff.rb:4:in `sort_by'
Completed 200 OK in 3ms (Views: 1.0ms | ActiveRecord: 0.7ms | Allocations: 1443)


Started GET "/staffs" for ::1 at 2019-10-09 10:46:49 +0100
Processing by StaffsController#index as */*
  [1m[36mStaff Load (0.3ms)[0m  [1m[34mSELECT "staffs".* FROM "staffs"[0m
  ↳ app/models/staff.rb:4:in `sort_by'
Completed 200 OK in 3ms (Views: 1.4ms | ActiveRecord: 0.3ms | Allocations: 1443)


Started GET "/staffs" for ::1 at 2019-10-09 10:46:55 +0100
Processing by StaffsController#index as */*
  [1m[36mStaff Load (0.3ms)[0m  [1m[34mSELECT "staffs".* FROM "staffs"[0m
  ↳ app/models/staff.rb:4:in `sort_by'
Completed 200 OK in 3ms (Views: 1.7ms | ActiveRecord: 0.3ms | Allocations: 1443)


Started GET "/staffs" for ::1 at 2019-10-09 10:46:56 +0100
Processing by StaffsController#index as */*
  [1m[36mStaff Load (0.3ms)[0m  [1m[34mSELECT "staffs".* FROM "staffs"[0m
  ↳ app/models/staff.rb:4:in `sort_by'
Completed 200 OK in 3ms (Views: 0.9ms | ActiveRecord: 0.3ms | Allocations: 1443)


Started GET "/staffs" for ::1 at 2019-10-09 10:51:26 +0100
Processing by StaffsController#index as */*
  [1m[36mStaff Load (0.6ms)[0m  [1m[34mSELECT "staffs".* FROM "staffs"[0m
  ↳ app/models/staff.rb:4:in `sort_by'
Completed 200 OK in 3ms (Views: 1.0ms | ActiveRecord: 0.6ms | Allocations: 1443)


Started GET "/staffs" for ::1 at 2019-10-09 10:51:43 +0100
Processing by StaffsController#index as */*
  [1m[36mStaff Load (1.1ms)[0m  [1m[34mSELECT "staffs".* FROM "staffs"[0m
  ↳ app/models/staff.rb:4:in `sort_by'
Completed 200 OK in 7ms (Views: 2.0ms | ActiveRecord: 1.1ms | Allocations: 1443)


Started GET "/staffs" for ::1 at 2019-10-09 10:54:04 +0100
Processing by StaffsController#index as */*
  [1m[36mStaff Load (1.2ms)[0m  [1m[34mSELECT "staffs".* FROM "staffs"[0m
  ↳ app/models/staff.rb:4:in `sort_by'
Completed 200 OK in 6ms (Views: 1.0ms | ActiveRecord: 1.2ms | Allocations: 1443)


Started GET "/staffs" for ::1 at 2019-10-09 10:54:13 +0100
Processing by StaffsController#index as */*
  [1m[36mStaff Load (0.9ms)[0m  [1m[34mSELECT "staffs".* FROM "staffs"[0m
  ↳ app/models/staff.rb:4:in `sort_by'
Completed 200 OK in 3ms (Views: 1.0ms | ActiveRecord: 0.9ms | Allocations: 1443)


Started GET "/staffs" for ::1 at 2019-10-09 10:54:32 +0100
Processing by StaffsController#index as */*
  [1m[36mStaff Load (0.6ms)[0m  [1m[34mSELECT "staffs".* FROM "staffs"[0m
  ↳ app/models/staff.rb:4:in `sort_by'
Completed 200 OK in 5ms (Views: 2.3ms | ActiveRecord: 0.6ms | Allocations: 1443)


Started GET "/staffs" for ::1 at 2019-10-09 10:54:54 +0100
Processing by StaffsController#index as */*
  [1m[36mStaff Load (0.3ms)[0m  [1m[34mSELECT "staffs".* FROM "staffs"[0m
  ↳ app/models/staff.rb:4:in `sort_by'
Completed 200 OK in 3ms (Views: 1.1ms | ActiveRecord: 0.3ms | Allocations: 1443)


Started GET "/staffs" for ::1 at 2019-10-09 10:54:56 +0100
Processing by StaffsController#index as */*
  [1m[36mStaff Load (3.1ms)[0m  [1m[34mSELECT "staffs".* FROM "staffs"[0m
  ↳ app/models/staff.rb:4:in `sort_by'
Completed 200 OK in 7ms (Views: 1.9ms | ActiveRecord: 3.1ms | Allocations: 1446)


Started GET "/staffs" for ::1 at 2019-10-09 11:00:26 +0100
Processing by StaffsController#index as */*
  [1m[36mStaff Load (5.5ms)[0m  [1m[34mSELECT "staffs".* FROM "staffs"[0m
  ↳ app/models/staff.rb:4:in `sort_by'
Completed 200 OK in 9ms (Views: 0.8ms | ActiveRecord: 5.5ms | Allocations: 1504)


Started GET "/staffs" for ::1 at 2019-10-09 11:00:32 +0100
Processing by StaffsController#index as */*
  [1m[36mStaff Load (0.4ms)[0m  [1m[34mSELECT "staffs".* FROM "staffs"[0m
  ↳ app/models/staff.rb:4:in `sort_by'
Completed 200 OK in 3ms (Views: 1.0ms | ActiveRecord: 0.4ms | Allocations: 1443)


Started GET "/staffs" for ::1 at 2019-10-09 11:03:44 +0100
Processing by StaffsController#index as */*
  [1m[36mStaff Load (0.3ms)[0m  [1m[34mSELECT "staffs".* FROM "staffs"[0m
  ↳ app/models/staff.rb:4:in `sort_by'
Completed 200 OK in 2ms (Views: 1.0ms | ActiveRecord: 0.3ms | Allocations: 1443)


Started GET "/staffs" for ::1 at 2019-10-09 11:04:06 +0100
Processing by StaffsController#index as */*
  [1m[36mStaff Load (0.5ms)[0m  [1m[34mSELECT "staffs".* FROM "staffs"[0m
  ↳ app/models/staff.rb:4:in `sort_by'
Completed 200 OK in 3ms (Views: 1.0ms | ActiveRecord: 0.5ms | Allocations: 1443)


Started GET "/staffs" for ::1 at 2019-10-09 11:04:08 +0100
Processing by StaffsController#index as */*
  [1m[36mStaff Load (62.8ms)[0m  [1m[34mSELECT "staffs".* FROM "staffs"[0m
  ↳ app/models/staff.rb:4:in `sort_by'
Completed 200 OK in 65ms (Views: 1.0ms | ActiveRecord: 62.8ms | Allocations: 1443)


Started GET "/staffs" for ::1 at 2019-10-09 11:04:24 +0100
Processing by StaffsController#index as */*
  [1m[36mStaff Load (19.5ms)[0m  [1m[34mSELECT "staffs".* FROM "staffs"[0m
  ↳ app/models/staff.rb:4:in `sort_by'
Completed 200 OK in 23ms (Views: 0.9ms | ActiveRecord: 19.5ms | Allocations: 1443)


Started GET "/staffs" for ::1 at 2019-10-09 11:04:26 +0100
Processing by StaffsController#index as */*
  [1m[36mStaff Load (1.3ms)[0m  [1m[34mSELECT "staffs".* FROM "staffs"[0m
  ↳ app/models/staff.rb:4:in `sort_by'
Completed 200 OK in 5ms (Views: 1.7ms | ActiveRecord: 1.3ms | Allocations: 1443)


Started GET "/staffs" for ::1 at 2019-10-09 11:05:18 +0100
Processing by StaffsController#index as */*
  [1m[36mStaff Load (0.3ms)[0m  [1m[34mSELECT "staffs".* FROM "staffs"[0m
  ↳ app/models/staff.rb:4:in `sort_by'
Completed 200 OK in 3ms (Views: 1.9ms | ActiveRecord: 0.3ms | Allocations: 1443)


Started GET "/staffs" for ::1 at 2019-10-09 11:05:20 +0100
Processing by StaffsController#index as */*
  [1m[36mStaff Load (1.3ms)[0m  [1m[34mSELECT "staffs".* FROM "staffs"[0m
  ↳ app/models/staff.rb:4:in `sort_by'
Completed 200 OK in 3ms (Views: 0.6ms | ActiveRecord: 1.3ms | Allocations: 1443)


Started GET "/staffs" for ::1 at 2019-10-09 11:05:21 +0100
Processing by StaffsController#index as */*
  [1m[36mStaff Load (0.3ms)[0m  [1m[34mSELECT "staffs".* FROM "staffs"[0m
  ↳ app/models/staff.rb:4:in `sort_by'
Completed 200 OK in 3ms (Views: 0.6ms | ActiveRecord: 0.3ms | Allocations: 1443)


Started GET "/staffs" for ::1 at 2019-10-09 11:05:24 +0100
Processing by StaffsController#index as */*
  [1m[36mStaff Load (0.6ms)[0m  [1m[34mSELECT "staffs".* FROM "staffs"[0m
  ↳ app/models/staff.rb:4:in `sort_by'
Completed 200 OK in 3ms (Views: 0.7ms | ActiveRecord: 0.6ms | Allocations: 1443)


Started GET "/staffs" for ::1 at 2019-10-09 11:06:07 +0100
Processing by StaffsController#index as */*
  [1m[36mStaff Load (0.9ms)[0m  [1m[34mSELECT "staffs".* FROM "staffs"[0m
  ↳ app/models/staff.rb:4:in `sort_by'
Completed 200 OK in 3ms (Views: 1.1ms | ActiveRecord: 0.9ms | Allocations: 1443)


Started GET "/staffs" for ::1 at 2019-10-09 11:06:16 +0100
Processing by StaffsController#index as */*
  [1m[36mStaff Load (0.3ms)[0m  [1m[34mSELECT "staffs".* FROM "staffs"[0m
  ↳ app/models/staff.rb:4:in `sort_by'
Completed 200 OK in 2ms (Views: 0.7ms | ActiveRecord: 0.3ms | Allocations: 1443)


Started GET "/staffs" for ::1 at 2019-10-09 11:06:19 +0100
Processing by StaffsController#index as */*
  [1m[36mStaff Load (0.5ms)[0m  [1m[34mSELECT "staffs".* FROM "staffs"[0m
  ↳ app/models/staff.rb:4:in `sort_by'
Completed 200 OK in 3ms (Views: 0.9ms | ActiveRecord: 0.5ms | Allocations: 1443)


Started GET "/staffs" for ::1 at 2019-10-09 11:06:32 +0100
Processing by StaffsController#index as */*
  [1m[36mStaff Load (0.3ms)[0m  [1m[34mSELECT "staffs".* FROM "staffs"[0m
  ↳ app/models/staff.rb:4:in `sort_by'
Completed 200 OK in 4ms (Views: 0.9ms | ActiveRecord: 0.3ms | Allocations: 1443)


Started GET "/staffs" for ::1 at 2019-10-09 11:06:38 +0100
Processing by StaffsController#index as */*
  [1m[36mStaff Load (0.3ms)[0m  [1m[34mSELECT "staffs".* FROM "staffs"[0m
  ↳ app/models/staff.rb:4:in `sort_by'
Completed 200 OK in 2ms (Views: 1.0ms | ActiveRecord: 0.3ms | Allocations: 1443)


Started GET "/staffs" for ::1 at 2019-10-09 11:07:17 +0100
Processing by StaffsController#index as */*
  [1m[36mStaff Load (0.3ms)[0m  [1m[34mSELECT "staffs".* FROM "staffs"[0m
  ↳ app/models/staff.rb:4:in `sort_by'
Completed 200 OK in 2ms (Views: 0.9ms | ActiveRecord: 0.3ms | Allocations: 1443)


Started GET "/staffs" for ::1 at 2019-10-09 11:07:52 +0100
Processing by StaffsController#index as */*
  [1m[36mStaff Load (0.5ms)[0m  [1m[34mSELECT "staffs".* FROM "staffs"[0m
  ↳ app/models/staff.rb:4:in `sort_by'
Completed 200 OK in 4ms (Views: 1.1ms | ActiveRecord: 0.5ms | Allocations: 1443)


Started GET "/staffs" for ::1 at 2019-10-09 11:07:55 +0100
Processing by StaffsController#index as */*
  [1m[36mStaff Load (0.4ms)[0m  [1m[34mSELECT "staffs".* FROM "staffs"[0m
  ↳ app/models/staff.rb:4:in `sort_by'
Completed 200 OK in 3ms (Views: 0.7ms | ActiveRecord: 0.4ms | Allocations: 1443)


Started GET "/staffs" for ::1 at 2019-10-09 11:08:04 +0100
Processing by StaffsController#index as */*
  [1m[36mStaff Load (0.4ms)[0m  [1m[34mSELECT "staffs".* FROM "staffs"[0m
  ↳ app/models/staff.rb:4:in `sort_by'
Completed 200 OK in 4ms (Views: 1.9ms | ActiveRecord: 0.4ms | Allocations: 1443)


Started GET "/staffs" for ::1 at 2019-10-09 11:10:39 +0100
Processing by StaffsController#index as */*
  [1m[36mStaff Load (2.7ms)[0m  [1m[34mSELECT "staffs".* FROM "staffs"[0m
  ↳ app/models/staff.rb:4:in `sort_by'
Completed 200 OK in 5ms (Views: 1.2ms | ActiveRecord: 2.7ms | Allocations: 1443)


Started GET "/staffs" for ::1 at 2019-10-09 11:10:49 +0100
Processing by StaffsController#index as */*
  [1m[36mStaff Load (0.4ms)[0m  [1m[34mSELECT "staffs".* FROM "staffs"[0m
  ↳ app/models/staff.rb:4:in `sort_by'
Completed 200 OK in 2ms (Views: 0.7ms | ActiveRecord: 0.4ms | Allocations: 1443)


Started GET "/staffs" for ::1 at 2019-10-09 11:11:59 +0100
Processing by StaffsController#index as */*
  [1m[36mStaff Load (0.4ms)[0m  [1m[34mSELECT "staffs".* FROM "staffs"[0m
  ↳ app/models/staff.rb:4:in `sort_by'
Completed 200 OK in 2ms (Views: 0.9ms | ActiveRecord: 0.4ms | Allocations: 1443)


Started GET "/staffs" for ::1 at 2019-10-09 11:12:33 +0100
Processing by StaffsController#index as */*
  [1m[36mStaff Load (3.4ms)[0m  [1m[34mSELECT "staffs".* FROM "staffs"[0m
  ↳ app/models/staff.rb:4:in `sort_by'
Completed 200 OK in 6ms (Views: 1.0ms | ActiveRecord: 3.4ms | Allocations: 1443)


Started GET "/staffs" for ::1 at 2019-10-09 11:12:39 +0100
Processing by StaffsController#index as */*
  [1m[36mStaff Load (0.6ms)[0m  [1m[34mSELECT "staffs".* FROM "staffs"[0m
  ↳ app/models/staff.rb:4:in `sort_by'
Completed 200 OK in 3ms (Views: 0.8ms | ActiveRecord: 0.6ms | Allocations: 1443)


Started GET "/staffs" for ::1 at 2019-10-09 11:18:31 +0100
Processing by StaffsController#index as */*
  [1m[36mStaff Load (1.0ms)[0m  [1m[34mSELECT "staffs".* FROM "staffs"[0m
  ↳ app/models/staff.rb:4:in `sort_by'
Completed 200 OK in 5ms (Views: 1.1ms | ActiveRecord: 1.0ms | Allocations: 1504)


Started GET "/staffs" for ::1 at 2019-10-09 11:23:54 +0100
Processing by StaffsController#index as */*
  [1m[36mStaff Load (1.6ms)[0m  [1m[34mSELECT "staffs".* FROM "staffs"[0m
  ↳ app/models/staff.rb:4:in `sort_by'
Completed 200 OK in 6ms (Views: 2.9ms | ActiveRecord: 1.6ms | Allocations: 1444)


Started GET "/staffs" for ::1 at 2019-10-09 11:24:00 +0100
Processing by StaffsController#index as */*
  [1m[36mStaff Load (1.0ms)[0m  [1m[34mSELECT "staffs".* FROM "staffs"[0m
  ↳ app/models/staff.rb:4:in `sort_by'
Completed 200 OK in 4ms (Views: 1.3ms | ActiveRecord: 1.0ms | Allocations: 1443)


Started GET "/staffs" for ::1 at 2019-10-09 11:24:40 +0100
Processing by StaffsController#index as */*
  [1m[36mStaff Load (0.3ms)[0m  [1m[34mSELECT "staffs".* FROM "staffs"[0m
  ↳ app/models/staff.rb:4:in `sort_by'
Completed 200 OK in 2ms (Views: 0.7ms | ActiveRecord: 0.3ms | Allocations: 1443)


Started GET "/staffs" for ::1 at 2019-10-09 11:24:56 +0100
Processing by StaffsController#index as */*
  [1m[36mStaff Load (0.4ms)[0m  [1m[34mSELECT "staffs".* FROM "staffs"[0m
  ↳ app/models/staff.rb:4:in `sort_by'
Completed 200 OK in 3ms (Views: 1.0ms | ActiveRecord: 0.4ms | Allocations: 1443)


Started GET "/staffs" for ::1 at 2019-10-09 11:25:00 +0100
Processing by StaffsController#index as */*
  [1m[36mStaff Load (0.3ms)[0m  [1m[34mSELECT "staffs".* FROM "staffs"[0m
  ↳ app/models/staff.rb:4:in `sort_by'
Completed 200 OK in 2ms (Views: 0.7ms | ActiveRecord: 0.3ms | Allocations: 1443)


Started GET "/staffs" for ::1 at 2019-10-09 11:25:07 +0100
Processing by StaffsController#index as */*
  [1m[36mStaff Load (14.4ms)[0m  [1m[34mSELECT "staffs".* FROM "staffs"[0m
  ↳ app/models/staff.rb:4:in `sort_by'
Completed 200 OK in 17ms (Views: 0.8ms | ActiveRecord: 14.4ms | Allocations: 1443)


Started GET "/staffs" for ::1 at 2019-10-09 11:25:31 +0100
Processing by StaffsController#index as */*
  [1m[36mStaff Load (1.5ms)[0m  [1m[34mSELECT "staffs".* FROM "staffs"[0m
  ↳ app/models/staff.rb:4:in `sort_by'
Completed 200 OK in 5ms (Views: 1.7ms | ActiveRecord: 1.5ms | Allocations: 1443)


Started GET "/staffs" for ::1 at 2019-10-09 11:25:33 +0100
Processing by StaffsController#index as */*
  [1m[36mStaff Load (0.4ms)[0m  [1m[34mSELECT "staffs".* FROM "staffs"[0m
  ↳ app/models/staff.rb:4:in `sort_by'
Completed 200 OK in 2ms (Views: 0.6ms | ActiveRecord: 0.4ms | Allocations: 1443)


Started GET "/staffs" for ::1 at 2019-10-09 11:25:35 +0100
Processing by StaffsController#index as */*
  [1m[36mStaff Load (0.3ms)[0m  [1m[34mSELECT "staffs".* FROM "staffs"[0m
  ↳ app/models/staff.rb:4:in `sort_by'
Completed 200 OK in 2ms (Views: 0.9ms | ActiveRecord: 0.3ms | Allocations: 1443)


Started GET "/staffs" for ::1 at 2019-10-09 11:25:40 +0100
Processing by StaffsController#index as */*
  [1m[36mStaff Load (8.1ms)[0m  [1m[34mSELECT "staffs".* FROM "staffs"[0m
  ↳ app/models/staff.rb:4:in `sort_by'
Completed 200 OK in 10ms (Views: 1.0ms | ActiveRecord: 8.1ms | Allocations: 1443)


Started GET "/staffs" for ::1 at 2019-10-09 11:26:00 +0100
Processing by StaffsController#index as */*
  [1m[36mStaff Load (0.3ms)[0m  [1m[34mSELECT "staffs".* FROM "staffs"[0m
  ↳ app/models/staff.rb:4:in `sort_by'
Completed 200 OK in 3ms (Views: 1.7ms | ActiveRecord: 0.3ms | Allocations: 1443)


Started GET "/staffs" for ::1 at 2019-10-09 11:32:49 +0100
Processing by StaffsController#index as */*
  [1m[36mStaff Load (47.9ms)[0m  [1m[34mSELECT "staffs".* FROM "staffs"[0m
  ↳ app/models/staff.rb:4:in `sort_by'
Completed 200 OK in 52ms (Views: 1.3ms | ActiveRecord: 47.9ms | Allocations: 1504)


Started GET "/staffs" for ::1 at 2019-10-09 11:42:37 +0100
Processing by StaffsController#index as */*
  [1m[36mStaff Load (1.1ms)[0m  [1m[34mSELECT "staffs".* FROM "staffs"[0m
  ↳ app/models/staff.rb:4:in `sort_by'
Completed 200 OK in 5ms (Views: 1.0ms | ActiveRecord: 1.1ms | Allocations: 1504)


Started GET "/staffs" for ::1 at 2019-10-09 11:42:42 +0100
Processing by StaffsController#index as */*
  [1m[36mStaff Load (30.6ms)[0m  [1m[34mSELECT "staffs".* FROM "staffs"[0m
  ↳ app/models/staff.rb:4:in `sort_by'
Completed 200 OK in 39ms (Views: 1.8ms | ActiveRecord: 30.6ms | Allocations: 1443)


Started GET "/staffs" for ::1 at 2019-10-09 11:43:26 +0100
Processing by StaffsController#index as */*
  [1m[36mStaff Load (1.2ms)[0m  [1m[34mSELECT "staffs".* FROM "staffs"[0m
  ↳ app/models/staff.rb:4:in `sort_by'
Completed 200 OK in 5ms (Views: 1.5ms | ActiveRecord: 1.2ms | Allocations: 1443)


Started GET "/staffs" for ::1 at 2019-10-09 11:43:39 +0100
Processing by StaffsController#index as */*
  [1m[36mStaff Load (0.6ms)[0m  [1m[34mSELECT "staffs".* FROM "staffs"[0m
  ↳ app/models/staff.rb:4:in `sort_by'
Completed 200 OK in 9ms (Views: 4.9ms | ActiveRecord: 0.6ms | Allocations: 1443)


Started GET "/staffs" for ::1 at 2019-10-09 11:43:44 +0100
Processing by StaffsController#index as */*
  [1m[36mStaff Load (13.0ms)[0m  [1m[34mSELECT "staffs".* FROM "staffs"[0m
  ↳ app/models/staff.rb:4:in `sort_by'
Completed 200 OK in 17ms (Views: 2.0ms | ActiveRecord: 13.0ms | Allocations: 1443)


Started GET "/staffs" for ::1 at 2019-10-09 11:44:14 +0100
Processing by StaffsController#index as */*
  [1m[36mStaff Load (0.4ms)[0m  [1m[34mSELECT "staffs".* FROM "staffs"[0m
  ↳ app/models/staff.rb:4:in `sort_by'
Completed 200 OK in 10ms (Views: 2.4ms | ActiveRecord: 0.4ms | Allocations: 1443)


